<?xml version="1.0" encoding="utf-8" standalone="no"?>
<!--This file represents the results of running a test suite-->
<test-results name="C:\Users\sburns\Desktop\IntTests\IntTests\IntTests.sln" total="1" errors="0" failures="0" not-run="0" inconclusive="0" ignored="0" skipped="0" invalid="0" date="2014-12-15" time="14:39:18">
  <environment nunit-version="2.6.3.13283" clr-version="2.0.50727.8009" os-version="Microsoft Windows NT 6.2.9200.0" platform="Win32NT" cwd="C:\Program Files (x86)\NUnit 2.6.3\bin" machine-name="FV02107" user="SBurns" user-domain="OFFICE" />
  <culture-info current-culture="en-US" current-uiculture="en-US" />
  <test-suite type="Project" name="C:\Users\sburns\Desktop\IntTests\IntTests\IntTests.sln" executed="True" result="Success" success="True" time="0.016" asserts="0">
    <results>
      <test-suite type="Assembly" name="C:\Users\sburns\Desktop\IntTests\IntTests\IntTests\bin\Debug\IntTests.exe" executed="True" result="Success" success="True" time="0.012" asserts="0">
        <results>
          <test-suite type="Namespace" name="IntTests" executed="True" result="Success" success="True" time="0.012" asserts="0">
            <results>
              <test-suite type="TestFixture" name="IntTests" executed="True" result="Success" success="True" time="0.011" asserts="0">
                <results>
                  <test-case name="IntTests.IntTests.FunctionTest" executed="True" result="Success" success="True" time="0.006" asserts="1" />
                </results>
              </test-suite>
            </results>
          </test-suite>
        </results>
      </test-suite>
    </results>
  </test-suite>
</test-results>
